# JRE version: Java(TM) SE Runtime Environment (8.0_191-b12) (build 1.8.0_191-b12)
# Java VM: Java HotSpot(TM) 64-Bit Server VM (25.191-b12 mixed mode linux-amd64 compressed oops)
Heap:
 PSYoungGen      total 4790784K, used 0K [0x0000000680000000, 0x00000007c0000000, 0x00000007c0000000)
  eden space 4397056K, 0% used [0x0000000680000000,0x0000000680000000,0x000000078c600000)
  from space 393728K, 0% used [0x000000078c600000,0x000000078c600000,0x00000007a4680000)
  to   space 452096K, 0% used [0x00000007a4680000,0x00000007a4680000,0x00000007c0000000)
 ParOldGen       total 1381888K, used 1299323K [0x0000000400000000, 0x0000000454580000, 0x0000000680000000)
  object space 1381888K, 94% used [0x0000000400000000,0x000000044f4defe8,0x0000000454580000)
 Metaspace       used 90724K, capacity 92826K, committed 93272K, reserved 1128448K
  class space    used 13042K, capacity 13603K, committed 13696K, reserved 1048576K
GC Heap History (10 events):
Event: 161.239 GC heap after
Heap after GC invocations=89 (full 6):
 PSYoungGen      total 4799488K, used 92093K [0x0000000680000000, 0x00000007c0000000, 0x00000007c0000000)
  eden space 4356096K, 0% used [0x0000000680000000,0x0000000680000000,0x0000000789e00000)
  from space 443392K, 20% used [0x0000000789e00000,0x000000078f7ef6a0,0x00000007a4f00000)
  to   space 436224K, 0% used [0x00000007a5600000,0x00000007a5600000,0x00000007c0000000)
 ParOldGen       total 1381888K, used 1086324K [0x0000000400000000, 0x0000000454580000, 0x0000000680000000)
  object space 1381888K, 78% used [0x0000000400000000,0x00000004424dd318,0x0000000454580000)
 Metaspace       used 89096K, capacity 91172K, committed 91480K, reserved 1128448K
  class space    used 12781K, capacity 13344K, committed 13440K, reserved 1048576K
}
Event: 162.019 GC heap before
{Heap before GC invocations=90 (full 6):
 PSYoungGen      total 4799488K, used 4448189K [0x0000000680000000, 0x00000007c0000000, 0x00000007c0000000)
  eden space 4356096K, 100% used [0x0000000680000000,0x0000000789e00000,0x0000000789e00000)
  from space 443392K, 20% used [0x0000000789e00000,0x000000078f7ef6a0,0x00000007a4f00000)
  to   space 436224K, 0% used [0x00000007a5600000,0x00000007a5600000,0x00000007c0000000)
 ParOldGen       total 1381888K, used 1086324K [0x0000000400000000, 0x0000000454580000, 0x0000000680000000)
  object space 1381888K, 78% used [0x0000000400000000,0x00000004424dd318,0x0000000454580000)
 Metaspace       used 89096K, capacity 91172K, committed 91480K, reserved 1128448K
  class space    used 12781K, capacity 13344K, committed 13440K, reserved 1048576K
Event: 162.383 GC heap after
Heap after GC invocations=90 (full 6):
 PSYoungGen      total 4773888K, used 228029K [0x0000000680000000, 0x00000007be700000, 0x00000007c0000000)
  eden space 4363264K, 0% used [0x0000000680000000,0x0000000680000000,0x000000078a500000)
  from space 410624K, 55% used [0x00000007a5600000,0x00000007b34af7d0,0x00000007be700000)
  to   space 427008K, 0% used [0x000000078a500000,0x000000078a500000,0x00000007a4600000)
 ParOldGen       total 1381888K, used 1152420K [0x0000000400000000, 0x0000000454580000, 0x0000000680000000)
  object space 1381888K, 83% used [0x0000000400000000,0x0000000446569338,0x0000000454580000)
 Metaspace       used 89096K, capacity 91172K, committed 91480K, reserved 1128448K
  class space    used 12781K, capacity 13344K, committed 13440K, reserved 1048576K
}
Event: 166.666 GC heap before
{Heap before GC invocations=91 (full 6):
 PSYoungGen      total 4773888K, used 4591293K [0x0000000680000000, 0x00000007be700000, 0x00000007c0000000)
  eden space 4363264K, 100% used [0x0000000680000000,0x000000078a500000,0x000000078a500000)
  from space 410624K, 55% used [0x00000007a5600000,0x00000007b34af7d0,0x00000007be700000)
  to   space 427008K, 0% used [0x000000078a500000,0x000000078a500000,0x00000007a4600000)
 ParOldGen       total 1381888K, used 1152420K [0x0000000400000000, 0x0000000454580000, 0x0000000680000000)
  object space 1381888K, 83% used [0x0000000400000000,0x0000000446569338,0x0000000454580000)
 Metaspace       used 90235K, capacity 92428K, committed 92760K, reserved 1128448K
  class space    used 12973K, capacity 13595K, committed 13696K, reserved 1048576K
Event: 166.719 GC heap after
Heap after GC invocations=91 (full 6):
 PSYoungGen      total 4790272K, used 141599K [0x0000000680000000, 0x00000007bf100000, 0x00000007c0000000)
  eden space 4363264K, 0% used [0x0000000680000000,0x0000000680000000,0x000000078a500000)
  from space 427008K, 33% used [0x000000078a500000,0x0000000792f47d88,0x00000007a4600000)
  to   space 411136K, 0% used [0x00000007a5f80000,0x00000007a5f80000,0x00000007bf100000)
 ParOldGen       total 1381888K, used 1185908K [0x0000000400000000, 0x0000000454580000, 0x0000000680000000)
  object space 1381888K, 85% used [0x0000000400000000,0x000000044861d358,0x0000000454580000)
 Metaspace       used 90235K, capacity 92428K, committed 92760K, reserved 1128448K
  class space    used 12973K, capacity 13595K, committed 13696K, reserved 1048576K
}
Event: 171.834 GC heap before
{Heap before GC invocations=92 (full 6):
 PSYoungGen      total 4790272K, used 4504863K [0x0000000680000000, 0x00000007bf100000, 0x00000007c0000000)
  eden space 4363264K, 100% used [0x0000000680000000,0x000000078a500000,0x000000078a500000)
  from space 427008K, 33% used [0x000000078a500000,0x0000000792f47d88,0x00000007a4600000)
  to   space 411136K, 0% used [0x00000007a5f80000,0x00000007a5f80000,0x00000007bf100000)
 ParOldGen       total 1381888K, used 1185908K [0x0000000400000000, 0x0000000454580000, 0x0000000680000000)
  object space 1381888K, 85% used [0x0000000400000000,0x000000044861d358,0x0000000454580000)
 Metaspace       used 90755K, capacity 92962K, committed 93016K, reserved 1128448K
  class space    used 13049K, capacity 13655K, committed 13696K, reserved 1048576K
Event: 171.888 GC heap after
Heap after GC invocations=92 (full 6):
 PSYoungGen      total 4808192K, used 266894K [0x0000000680000000, 0x00000007c0000000, 0x00000007c0000000)
  eden space 4397056K, 0% used [0x0000000680000000,0x0000000680000000,0x000000078c600000)
  from space 411136K, 64% used [0x00000007a5f80000,0x00000007b6423a88,0x00000007bf100000)
  to   space 419328K, 0% used [0x000000078c600000,0x000000078c600000,0x00000007a5f80000)
 ParOldGen       total 1381888K, used 1188141K [0x0000000400000000, 0x0000000454580000, 0x0000000680000000)
  object space 1381888K, 85% used [0x0000000400000000,0x000000044884b6f0,0x0000000454580000)
 Metaspace       used 90755K, capacity 92962K, committed 93016K, reserved 1128448K
  class space    used 13049K, capacity 13655K, committed 13696K, reserved 1048576K
}
Event: 173.703 GC heap before
{Heap before GC invocations=93 (full 6):
 PSYoungGen      total 4808192K, used 4663950K [0x0000000680000000, 0x00000007c0000000, 0x00000007c0000000)
  eden space 4397056K, 100% used [0x0000000680000000,0x000000078c600000,0x000000078c600000)
  from space 411136K, 64% used [0x00000007a5f80000,0x00000007b6423a88,0x00000007bf100000)
  to   space 419328K, 0% used [0x000000078c600000,0x000000078c600000,0x00000007a5f80000)
 ParOldGen       total 1381888K, used 1188141K [0x0000000400000000, 0x0000000454580000, 0x0000000680000000)
  object space 1381888K, 85% used [0x0000000400000000,0x000000044884b6f0,0x0000000454580000)
 Metaspace       used 90901K, capacity 93122K, committed 93272K, reserved 1128448K
  class space    used 13078K, capacity 13687K, committed 13696K, reserved 1048576K
Event: 173.924 GC heap after
Heap after GC invocations=93 (full 6):
 PSYoungGen      total 4790784K, used 393536K [0x0000000680000000, 0x00000007c0000000, 0x00000007c0000000)
  eden space 4397056K, 0% used [0x0000000680000000,0x0000000680000000,0x000000078c600000)
  from space 393728K, 99% used [0x000000078c600000,0x00000007a46500a0,0x00000007a4680000)
  to   space 452096K, 0% used [0x00000007a4680000,0x00000007a4680000,0x00000007c0000000)
 ParOldGen       total 1381888K, used 1263692K [0x0000000400000000, 0x0000000454580000, 0x0000000680000000)
  object space 1381888K, 91% used [0x0000000400000000,0x000000044d2132a8,0x0000000454580000)
 Metaspace       used 90901K, capacity 93122K, committed 93272K, reserved 1128448K
  class space    used 13078K, capacity 13687K, committed 13696K, reserved 1048576K
}
Event: 173.954 GC heap before
{Heap before GC invocations=94 (full 7):
 PSYoungGen      total 4790784K, used 393536K [0x0000000680000000, 0x00000007c0000000, 0x00000007c0000000)
  eden space 4397056K, 0% used [0x0000000680000000,0x0000000680000000,0x000000078c600000)
  from space 393728K, 99% used [0x000000078c600000,0x00000007a46500a0,0x00000007a4680000)
  to   space 452096K, 0% used [0x00000007a4680000,0x00000007a4680000,0x00000007c0000000)
 ParOldGen       total 1381888K, used 1263692K [0x0000000400000000, 0x0000000454580000, 0x0000000680000000)
  object space 1381888K, 91% used [0x0000000400000000,0x000000044d2132a8,0x0000000454580000)
 Metaspace       used 90901K, capacity 93122K, committed 93272K, reserved 1128448K
  class space    used 13078K, capacity 13687K, committed 13696K, reserved 1048576K

