# JRE version: Java(TM) SE Runtime Environment (8.0_191-b12) (build 1.8.0_191-b12)
# Java VM: Java HotSpot(TM) 64-Bit Server VM (25.191-b12 mixed mode linux-amd64 compressed oops)
Heap:
 PSYoungGen      total 4976640K, used 24707K [0x0000000680000000, 0x00000007b3080000, 0x00000007c0000000)
  eden space 4922880K, 0% used [0x0000000680000000,0x0000000680000000,0x00000007ac780000)
  from space 53760K, 45% used [0x00000007ac780000,0x00000007adfa0ee0,0x00000007afc00000)
  to   space 17920K, 0% used [0x00000007b1f00000,0x00000007b1f00000,0x00000007b3080000)
 ParOldGen       total 683008K, used 318714K [0x0000000400000000, 0x0000000429b00000, 0x0000000680000000)
  object space 683008K, 46% used [0x0000000400000000,0x000000041373e918,0x0000000429b00000)
 Metaspace       used 79196K, capacity 80172K, committed 80344K, reserved 1118208K
  class space    used 11529K, capacity 11772K, committed 11776K, reserved 1048576K
GC Heap History (10 events):
Event: 30.875 GC heap after
Heap after GC invocations=64 (full 4):
 PSYoungGen      total 4461056K, used 224K [0x0000000680000000, 0x0000000796c80000, 0x00000007c0000000)
  eden space 4438528K, 0% used [0x0000000680000000,0x0000000680000000,0x000000078ee80000)
  from space 22528K, 0% used [0x0000000795680000,0x00000007956b8000,0x0000000796c80000)
  to   space 64512K, 0% used [0x000000078ee80000,0x000000078ee80000,0x0000000792d80000)
 ParOldGen       total 683008K, used 318458K [0x0000000400000000, 0x0000000429b00000, 0x0000000680000000)
  object space 683008K, 46% used [0x0000000400000000,0x00000004136fe918,0x0000000429b00000)
 Metaspace       used 78148K, capacity 79094K, committed 79320K, reserved 1116160K
  class space    used 11479K, capacity 11726K, committed 11776K, reserved 1048576K
}
Event: 31.842 GC heap before
{Heap before GC invocations=65 (full 4):
 PSYoungGen      total 4461056K, used 4438752K [0x0000000680000000, 0x0000000796c80000, 0x00000007c0000000)
  eden space 4438528K, 100% used [0x0000000680000000,0x000000078ee80000,0x000000078ee80000)
  from space 22528K, 0% used [0x0000000795680000,0x00000007956b8000,0x0000000796c80000)
  to   space 64512K, 0% used [0x000000078ee80000,0x000000078ee80000,0x0000000792d80000)
 ParOldGen       total 683008K, used 318458K [0x0000000400000000, 0x0000000429b00000, 0x0000000680000000)
  object space 683008K, 46% used [0x0000000400000000,0x00000004136fe918,0x0000000429b00000)
 Metaspace       used 78153K, capacity 79094K, committed 79320K, reserved 1116160K
  class space    used 11479K, capacity 11726K, committed 11776K, reserved 1048576K
Event: 31.845 GC heap after
Heap after GC invocations=65 (full 4):
 PSYoungGen      total 4503040K, used 224K [0x0000000680000000, 0x00000007a8200000, 0x00000007c0000000)
  eden space 4438528K, 0% used [0x0000000680000000,0x0000000680000000,0x000000078ee80000)
  from space 64512K, 0% used [0x000000078ee80000,0x000000078eeb8000,0x0000000792d80000)
  to   space 63488K, 0% used [0x00000007a4400000,0x00000007a4400000,0x00000007a8200000)
 ParOldGen       total 683008K, used 318514K [0x0000000400000000, 0x0000000429b00000, 0x0000000680000000)
  object space 683008K, 46% used [0x0000000400000000,0x000000041370c918,0x0000000429b00000)
 Metaspace       used 78153K, capacity 79094K, committed 79320K, reserved 1116160K
  class space    used 11479K, capacity 11726K, committed 11776K, reserved 1048576K
}
Event: 35.595 GC heap before
{Heap before GC invocations=66 (full 4):
 PSYoungGen      total 4503040K, used 4438752K [0x0000000680000000, 0x00000007a8200000, 0x00000007c0000000)
  eden space 4438528K, 100% used [0x0000000680000000,0x000000078ee80000,0x000000078ee80000)
  from space 64512K, 0% used [0x000000078ee80000,0x000000078eeb8000,0x0000000792d80000)
  to   space 63488K, 0% used [0x00000007a4400000,0x00000007a4400000,0x00000007a8200000)
 ParOldGen       total 683008K, used 318514K [0x0000000400000000, 0x0000000429b00000, 0x0000000680000000)
  object space 683008K, 46% used [0x0000000400000000,0x000000041370c918,0x0000000429b00000)
 Metaspace       used 78647K, capacity 79632K, committed 79832K, reserved 1118208K
  class space    used 11528K, capacity 11770K, committed 11776K, reserved 1048576K
Event: 35.608 GC heap after
Heap after GC invocations=66 (full 4):
 PSYoungGen      total 4711424K, used 7160K [0x0000000680000000, 0x00000007a5a00000, 0x00000007c0000000)
  eden space 4688896K, 0% used [0x0000000680000000,0x0000000680000000,0x000000079e300000)
  from space 22528K, 31% used [0x00000007a4400000,0x00000007a4afe2c8,0x00000007a5a00000)
  to   space 60928K, 0% used [0x000000079e300000,0x000000079e300000,0x00000007a1e80000)
 ParOldGen       total 683008K, used 318586K [0x0000000400000000, 0x0000000429b00000, 0x0000000680000000)
  object space 683008K, 46% used [0x0000000400000000,0x000000041371e918,0x0000000429b00000)
 Metaspace       used 78647K, capacity 79632K, committed 79832K, reserved 1118208K
  class space    used 11528K, capacity 11770K, committed 11776K, reserved 1048576K
}
Event: 38.424 GC heap before
{Heap before GC invocations=67 (full 4):
 PSYoungGen      total 4711424K, used 4696056K [0x0000000680000000, 0x00000007a5a00000, 0x00000007c0000000)
  eden space 4688896K, 100% used [0x0000000680000000,0x000000079e300000,0x000000079e300000)
  from space 22528K, 31% used [0x00000007a4400000,0x00000007a4afe2c8,0x00000007a5a00000)
  to   space 60928K, 0% used [0x000000079e300000,0x000000079e300000,0x00000007a1e80000)
 ParOldGen       total 683008K, used 318586K [0x0000000400000000, 0x0000000429b00000, 0x0000000680000000)
  object space 683008K, 46% used [0x0000000400000000,0x000000041371e918,0x0000000429b00000)
 Metaspace       used 78650K, capacity 79696K, committed 79832K, reserved 1118208K
  class space    used 11528K, capacity 11770K, committed 11776K, reserved 1048576K
Event: 38.455 GC heap after
Heap after GC invocations=67 (full 4):
 PSYoungGen      total 4749824K, used 10092K [0x0000000680000000, 0x00000007b5700000, 0x00000007c0000000)
  eden space 4688896K, 0% used [0x0000000680000000,0x0000000680000000,0x000000079e300000)
  from space 60928K, 16% used [0x000000079e300000,0x000000079ecdb0f0,0x00000007a1e80000)
  to   space 57344K, 0% used [0x00000007b1f00000,0x00000007b1f00000,0x00000007b5700000)
 ParOldGen       total 683008K, used 318650K [0x0000000400000000, 0x0000000429b00000, 0x0000000680000000)
  object space 683008K, 46% used [0x0000000400000000,0x000000041372e918,0x0000000429b00000)
 Metaspace       used 78650K, capacity 79696K, committed 79832K, reserved 1118208K
  class space    used 11528K, capacity 11770K, committed 11776K, reserved 1048576K
}
Event: 42.855 GC heap before
{Heap before GC invocations=68 (full 4):
 PSYoungGen      total 4749824K, used 4698988K [0x0000000680000000, 0x00000007b5700000, 0x00000007c0000000)
  eden space 4688896K, 100% used [0x0000000680000000,0x000000079e300000,0x000000079e300000)
  from space 60928K, 16% used [0x000000079e300000,0x000000079ecdb0f0,0x00000007a1e80000)
  to   space 57344K, 0% used [0x00000007b1f00000,0x00000007b1f00000,0x00000007b5700000)
 ParOldGen       total 683008K, used 318650K [0x0000000400000000, 0x0000000429b00000, 0x0000000680000000)
  object space 683008K, 46% used [0x0000000400000000,0x000000041372e918,0x0000000429b00000)
 Metaspace       used 79190K, capacity 80172K, committed 80344K, reserved 1118208K
  class space    used 11529K, capacity 11772K, committed 11776K, reserved 1048576K
Event: 42.871 GC heap after
Heap after GC invocations=68 (full 4):
 PSYoungGen      total 4940800K, used 12892K [0x0000000680000000, 0x00000007b3080000, 0x00000007c0000000)
  eden space 4922880K, 0% used [0x0000000680000000,0x0000000680000000,0x00000007ac780000)
  from space 17920K, 71% used [0x00000007b1f00000,0x00000007b2b97228,0x00000007b3080000)
  to   space 53760K, 0% used [0x00000007ac780000,0x00000007ac780000,0x00000007afc00000)
 ParOldGen       total 683008K, used 318706K [0x0000000400000000, 0x0000000429b00000, 0x0000000680000000)
  object space 683008K, 46% used [0x0000000400000000,0x000000041373c918,0x0000000429b00000)
 Metaspace       used 79190K, capacity 80172K, committed 80344K, reserved 1118208K
  class space    used 11529K, capacity 11772K, committed 11776K, reserved 1048576K
}
Event: 45.277 GC heap before
{Heap before GC invocations=69 (full 4):
 PSYoungGen      total 4940800K, used 4935772K [0x0000000680000000, 0x00000007b3080000, 0x00000007c0000000)
  eden space 4922880K, 100% used [0x0000000680000000,0x00000007ac780000,0x00000007ac780000)
  from space 17920K, 71% used [0x00000007b1f00000,0x00000007b2b97228,0x00000007b3080000)
  to   space 53760K, 0% used [0x00000007ac780000,0x00000007ac780000,0x00000007afc00000)
 ParOldGen       total 683008K, used 318706K [0x0000000400000000, 0x0000000429b00000, 0x0000000680000000)
  object space 683008K, 46% used [0x0000000400000000,0x000000041373c918,0x0000000429b00000)
 Metaspace       used 79196K, capacity 80172K, committed 80344K, reserved 1118208K
  class space    used 11529K, capacity 11772K, committed 11776K, reserved 1048576K

