# JRE version: Java(TM) SE Runtime Environment (8.0_191-b12) (build 1.8.0_191-b12)
# Java VM: Java HotSpot(TM) 64-Bit Server VM (25.191-b12 mixed mode linux-amd64 compressed oops)
Heap:
 PSYoungGen      total 4246016K, used 21851K [0x0000000680000000, 0x0000000786180000, 0x00000007c0000000)
  eden space 4207104K, 0% used [0x0000000680000000,0x0000000680000000,0x0000000780c80000)
  from space 38912K, 56% used [0x0000000781580000,0x0000000782ad6cd8,0x0000000783b80000)
  to   space 22016K, 0% used [0x0000000784c00000,0x0000000784c00000,0x0000000786180000)
 ParOldGen       total 710144K, used 313112K [0x0000000400000000, 0x000000042b580000, 0x0000000680000000)
  object space 710144K, 44% used [0x0000000400000000,0x00000004131c6200,0x000000042b580000)
 Metaspace       used 78120K, capacity 79074K, committed 79320K, reserved 1116160K
  class space    used 11484K, capacity 11712K, committed 11776K, reserved 1048576K
GC Heap History (10 events):
Event: 20.046 GC heap after
Heap after GC invocations=38 (full 4):
 PSYoungGen      total 3142144K, used 24047K [0x0000000680000000, 0x0000000743300000, 0x00000007c0000000)
  eden space 3118080K, 0% used [0x0000000680000000,0x0000000680000000,0x000000073e500000)
  from space 24064K, 99% used [0x0000000741b80000,0x00000007432fbe48,0x0000000743300000)
  to   space 29184K, 0% used [0x000000073fa00000,0x000000073fa00000,0x0000000741680000)
 ParOldGen       total 710144K, used 313024K [0x0000000400000000, 0x000000042b580000, 0x0000000680000000)
  object space 710144K, 44% used [0x0000000400000000,0x00000004131b0200,0x000000042b580000)
 Metaspace       used 77127K, capacity 77960K, committed 78168K, reserved 1116160K
  class space    used 11406K, capacity 11620K, committed 11648K, reserved 1048576K
}
Event: 21.919 GC heap before
{Heap before GC invocations=39 (full 4):
 PSYoungGen      total 3142144K, used 3142127K [0x0000000680000000, 0x0000000743300000, 0x00000007c0000000)
  eden space 3118080K, 100% used [0x0000000680000000,0x000000073e500000,0x000000073e500000)
  from space 24064K, 99% used [0x0000000741b80000,0x00000007432fbe48,0x0000000743300000)
  to   space 29184K, 0% used [0x000000073fa00000,0x000000073fa00000,0x0000000741680000)
 ParOldGen       total 710144K, used 313024K [0x0000000400000000, 0x000000042b580000, 0x0000000680000000)
  object space 710144K, 44% used [0x0000000400000000,0x00000004131b0200,0x000000042b580000)
 Metaspace       used 78073K, capacity 79010K, committed 79320K, reserved 1116160K
  class space    used 11476K, capacity 11712K, committed 11776K, reserved 1048576K
Event: 22.081 GC heap after
Heap after GC invocations=39 (full 4):
 PSYoungGen      total 3168768K, used 25370K [0x0000000680000000, 0x000000075f980000, 0x00000007c0000000)
  eden space 3139584K, 0% used [0x0000000680000000,0x0000000680000000,0x000000073fa00000)
  from space 29184K, 86% used [0x000000073fa00000,0x00000007412c6b48,0x0000000741680000)
  to   space 33792K, 0% used [0x000000075d880000,0x000000075d880000,0x000000075f980000)
 ParOldGen       total 710144K, used 313032K [0x0000000400000000, 0x000000042b580000, 0x0000000680000000)
  object space 710144K, 44% used [0x0000000400000000,0x00000004131b2200,0x000000042b580000)
 Metaspace       used 78073K, capacity 79010K, committed 79320K, reserved 1116160K
  class space    used 11476K, capacity 11712K, committed 11776K, reserved 1048576K
}
Event: 22.819 GC heap before
{Heap before GC invocations=40 (full 4):
 PSYoungGen      total 3168768K, used 3164954K [0x0000000680000000, 0x000000075f980000, 0x00000007c0000000)
  eden space 3139584K, 100% used [0x0000000680000000,0x000000073fa00000,0x000000073fa00000)
  from space 29184K, 86% used [0x000000073fa00000,0x00000007412c6b48,0x0000000741680000)
  to   space 33792K, 0% used [0x000000075d880000,0x000000075d880000,0x000000075f980000)
 ParOldGen       total 710144K, used 313032K [0x0000000400000000, 0x000000042b580000, 0x0000000680000000)
  object space 710144K, 44% used [0x0000000400000000,0x00000004131b2200,0x000000042b580000)
 Metaspace       used 78115K, capacity 79074K, committed 79320K, reserved 1116160K
  class space    used 11484K, capacity 11712K, committed 11776K, reserved 1048576K
Event: 22.918 GC heap after
Heap after GC invocations=40 (full 4):
 PSYoungGen      total 3627008K, used 22050K [0x0000000680000000, 0x0000000764700000, 0x00000007c0000000)
  eden space 3593216K, 0% used [0x0000000680000000,0x0000000680000000,0x000000075b500000)
  from space 33792K, 65% used [0x000000075d880000,0x000000075ee08ad0,0x000000075f980000)
  to   space 36352K, 0% used [0x000000075b500000,0x000000075b500000,0x000000075d880000)
 ParOldGen       total 710144K, used 313040K [0x0000000400000000, 0x000000042b580000, 0x0000000680000000)
  object space 710144K, 44% used [0x0000000400000000,0x00000004131b4200,0x000000042b580000)
 Metaspace       used 78115K, capacity 79074K, committed 79320K, reserved 1116160K
  class space    used 11484K, capacity 11712K, committed 11776K, reserved 1048576K
}
Event: 24.871 GC heap before
{Heap before GC invocations=41 (full 4):
 PSYoungGen      total 3627008K, used 3615266K [0x0000000680000000, 0x0000000764700000, 0x00000007c0000000)
  eden space 3593216K, 100% used [0x0000000680000000,0x000000075b500000,0x000000075b500000)
  from space 33792K, 65% used [0x000000075d880000,0x000000075ee08ad0,0x000000075f980000)
  to   space 36352K, 0% used [0x000000075b500000,0x000000075b500000,0x000000075d880000)
 ParOldGen       total 710144K, used 313040K [0x0000000400000000, 0x000000042b580000, 0x0000000680000000)
  object space 710144K, 44% used [0x0000000400000000,0x00000004131b4200,0x000000042b580000)
 Metaspace       used 78120K, capacity 79074K, committed 79320K, reserved 1116160K
  class space    used 11484K, capacity 11712K, committed 11776K, reserved 1048576K
Event: 25.073 GC heap after
Heap after GC invocations=41 (full 4):
 PSYoungGen      total 3629568K, used 21906K [0x0000000680000000, 0x0000000787100000, 0x00000007c0000000)
  eden space 3593216K, 0% used [0x0000000680000000,0x0000000680000000,0x000000075b500000)
  from space 36352K, 60% used [0x000000075b500000,0x000000075ca64ac0,0x000000075d880000)
  to   space 37888K, 0% used [0x0000000784c00000,0x0000000784c00000,0x0000000787100000)
 ParOldGen       total 710144K, used 313040K [0x0000000400000000, 0x000000042b580000, 0x0000000680000000)
  object space 710144K, 44% used [0x0000000400000000,0x00000004131b4200,0x000000042b580000)
 Metaspace       used 78120K, capacity 79074K, committed 79320K, reserved 1116160K
  class space    used 11484K, capacity 11712K, committed 11776K, reserved 1048576K
}
Event: 25.814 GC heap before
{Heap before GC invocations=42 (full 4):
 PSYoungGen      total 3629568K, used 3615122K [0x0000000680000000, 0x0000000787100000, 0x00000007c0000000)
  eden space 3593216K, 100% used [0x0000000680000000,0x000000075b500000,0x000000075b500000)
  from space 36352K, 60% used [0x000000075b500000,0x000000075ca64ac0,0x000000075d880000)
  to   space 37888K, 0% used [0x0000000784c00000,0x0000000784c00000,0x0000000787100000)
 ParOldGen       total 710144K, used 313040K [0x0000000400000000, 0x000000042b580000, 0x0000000680000000)
  object space 710144K, 44% used [0x0000000400000000,0x00000004131b4200,0x000000042b580000)
 Metaspace       used 78120K, capacity 79074K, committed 79320K, reserved 1116160K
  class space    used 11484K, capacity 11712K, committed 11776K, reserved 1048576K
Event: 25.833 GC heap after
Heap after GC invocations=42 (full 4):
 PSYoungGen      total 4229120K, used 21970K [0x0000000680000000, 0x0000000786180000, 0x00000007c0000000)
  eden space 4207104K, 0% used [0x0000000680000000,0x0000000680000000,0x0000000780c80000)
  from space 22016K, 99% used [0x0000000784c00000,0x0000000786174ae0,0x0000000786180000)
  to   space 38912K, 0% used [0x0000000781580000,0x0000000781580000,0x0000000783b80000)
 ParOldGen       total 710144K, used 313040K [0x0000000400000000, 0x000000042b580000, 0x0000000680000000)
  object space 710144K, 44% used [0x0000000400000000,0x00000004131b4200,0x000000042b580000)
 Metaspace       used 78120K, capacity 79074K, committed 79320K, reserved 1116160K
  class space    used 11484K, capacity 11712K, committed 11776K, reserved 1048576K
}
Event: 30.829 GC heap before
{Heap before GC invocations=43 (full 4):
 PSYoungGen      total 4229120K, used 4229074K [0x0000000680000000, 0x0000000786180000, 0x00000007c0000000)
  eden space 4207104K, 100% used [0x0000000680000000,0x0000000780c80000,0x0000000780c80000)
  from space 22016K, 99% used [0x0000000784c00000,0x0000000786174ae0,0x0000000786180000)
  to   space 38912K, 0% used [0x0000000781580000,0x0000000781580000,0x0000000783b80000)
 ParOldGen       total 710144K, used 313040K [0x0000000400000000, 0x000000042b580000, 0x0000000680000000)
  object space 710144K, 44% used [0x0000000400000000,0x00000004131b4200,0x000000042b580000)
 Metaspace       used 78120K, capacity 79074K, committed 79320K, reserved 1116160K
  class space    used 11484K, capacity 11712K, committed 11776K, reserved 1048576K

